<?xml version="1.0" encoding="UTF-8"?>
<testsuite name="_ClassroomNotifier.ClassroomNotifierTest" tests="1" skipped="0" failures="0" errors="0" timestamp="2024-09-19T17:05:27" hostname="PC-GABRIEL" time="0.012">
  <properties/>
  <testcase name="someLibraryMethodReturnsTrue()" classname="_ClassroomNotifier.ClassroomNotifierTest" time="0.012"/>
  <system-out><![CDATA[]]></system-out>
  <system-err><![CDATA[]]></system-err>
</testsuite>
